<?xml version="1.0" encoding="UTF-8"?>
<testng-results ignored="0" total="1" passed="1" failed="0" skipped="0">
  <reporter-output>
  </reporter-output>
  <suite started-at="2024-06-29T21:08:35 IST" name="All Test Suite" finished-at="2024-06-29T21:08:35 IST" duration-ms="78">
    <groups>
    </groups>
    <test started-at="2024-06-29T21:08:35 IST" name="C:\Users\laxmi\AllFrameworks\DemoGitTest1\src\test\java" finished-at="2024-06-29T21:08:35 IST" duration-ms="78">
      <class name="Demo2">
        <test-method signature="Test()[pri:0, instance:Demo2@433d61fb]" started-at="2024-06-29T21:08:35 IST" name="Test" finished-at="2024-06-29T21:08:35 IST" duration-ms="8" status="PASS">
          <reporter-output>
          </reporter-output>
        </test-method> <!-- Test -->
      </class> <!-- Demo2 -->
    </test> <!-- C:\Users\laxmi\AllFrameworks\DemoGitTest1\src\test\java -->
  </suite> <!-- All Test Suite -->
</testng-results>
